<?xml version="1.0" encoding="UTF-8" ?>
<testsuites name="vitest tests" tests="26" failures="0" errors="0" time="2.9894566">
    <testsuite name="ui/context-menu.test.tsx" timestamp="2025-12-23T09:57:34.947Z" hostname="Hunters_PC" tests="26" failures="0" errors="0" skipped="0" time="2.9894566">
        <testcase classname="ui/context-menu.test.tsx" name="ContextMenu &gt; ContextMenu — structure &amp; a11y &gt; has no obvious a11y violations when opened" time="0.2646408">
            <system-err>
An update to ContextMenu inside a test was not wrapped in act(...).

When testing, code that causes React state updates should be wrapped into act(...):

act(() =&gt; {
  /* fire events that update state */
});
/* assert on the output */

This ensures that you&apos;re testing the behavior the user would see in the browser. Learn more at https://react.dev/link/wrap-tests-with-act
An update to ContextMenu inside a test was not wrapped in act(...).

When testing, code that causes React state updates should be wrapped into act(...):

act(() =&gt; {
  /* fire events that update state */
});
/* assert on the output */

This ensures that you&apos;re testing the behavior the user would see in the browser. Learn more at https://react.dev/link/wrap-tests-with-act
An update to ContextMenu inside a test was not wrapped in act(...).

When testing, code that causes React state updates should be wrapped into act(...):

act(() =&gt; {
  /* fire events that update state */
});
/* assert on the output */

This ensures that you&apos;re testing the behavior the user would see in the browser. Learn more at https://react.dev/link/wrap-tests-with-act

An update to ContextMenu inside a test was not wrapped in act(...).

When testing, code that causes React state updates should be wrapped into act(...):

act(() =&gt; {
  /* fire events that update state */
});
/* assert on the output */

This ensures that you&apos;re testing the behavior the user would see in the browser. Learn more at https://react.dev/link/wrap-tests-with-act

An update to ContextMenu inside a test was not wrapped in act(...).

When testing, code that causes React state updates should be wrapped into act(...):

act(() =&gt; {
  /* fire events that update state */
});
/* assert on the output */

This ensures that you&apos;re testing the behavior the user would see in the browser. Learn more at https://react.dev/link/wrap-tests-with-act
An update to ContextMenu inside a test was not wrapped in act(...).

When testing, code that causes React state updates should be wrapped into act(...):

act(() =&gt; {
  /* fire events that update state */
});
/* assert on the output */

This ensures that you&apos;re testing the behavior the user would see in the browser. Learn more at https://react.dev/link/wrap-tests-with-act
An update to ContextMenu inside a test was not wrapped in act(...).

When testing, code that causes React state updates should be wrapped into act(...):

act(() =&gt; {
  /* fire events that update state */
});
/* assert on the output */

This ensures that you&apos;re testing the behavior the user would see in the browser. Learn more at https://react.dev/link/wrap-tests-with-act

            </system-err>
        </testcase>
        <testcase classname="ui/context-menu.test.tsx" name="ContextMenu &gt; ContextMenu — opening/closing &gt; opens on right click (contextmenu) and focuses the first enabled item" time="0.0880769">
        </testcase>
        <testcase classname="ui/context-menu.test.tsx" name="ContextMenu &gt; ContextMenu — opening/closing &gt; opens on keyboard (Shift+F10) and closes with Escape, returning focus to trigger" time="0.093484">
        </testcase>
        <testcase classname="ui/context-menu.test.tsx" name="ContextMenu &gt; ContextMenu — opening/closing &gt; closes on outside click" time="0.0968073">
        </testcase>
        <testcase classname="ui/context-menu.test.tsx" name="ContextMenu &gt; ContextMenu — keyboard navigation &gt; ArrowDown/ArrowUp roves focus across enabled items (skipping disabled)" time="0.1157849">
        </testcase>
        <testcase classname="ui/context-menu.test.tsx" name="ContextMenu &gt; ContextMenu — keyboard navigation &gt; Home focuses the first enabled item" time="0.0905536">
        </testcase>
        <testcase classname="ui/context-menu.test.tsx" name="ContextMenu &gt; ContextMenu — keyboard navigation &gt; typeahead focuses the first matching item label" time="0.0890365">
        </testcase>
        <testcase classname="ui/context-menu.test.tsx" name="ContextMenu &gt; ContextMenu — selection semantics &gt; clicking an item calls onSelect and closes" time="0.0991931">
        </testcase>
        <testcase classname="ui/context-menu.test.tsx" name="ContextMenu &gt; ContextMenu — selection semantics &gt; disabled item does not call onSelect" time="0.0755568">
        </testcase>
        <testcase classname="ui/context-menu.test.tsx" name="ContextMenu &gt; ContextMenu — selection semantics &gt; checkbox item uses role=menuitemcheckbox and toggles aria-checked" time="0.1083396">
        </testcase>
        <testcase classname="ui/context-menu.test.tsx" name="ContextMenu &gt; ContextMenu — selection semantics &gt; radio items use role=menuitemradio and update aria-checked within group" time="0.1493197">
        </testcase>
        <testcase classname="ui/context-menu.test.tsx" name="ContextMenu &gt; ContextMenu — submenu primitives &gt; opens submenu on mouse enter of sub trigger" time="0.1220143">
        </testcase>
        <testcase classname="ui/context-menu.test.tsx" name="ContextMenu &gt; ContextMenu — submenu primitives &gt; opens submenu with ArrowRight and closes with ArrowLeft (returning focus to sub trigger)" time="0.1349441">
        </testcase>
        <testcase classname="ui/context-menu.test.tsx" name="ContextMenu &gt; ContextMenu (default trigger) — structure &amp; a11y &gt; has no obvious a11y violations when opened" time="0.0618529">
            <system-err>
An update to ContextMenu inside a test was not wrapped in act(...).

When testing, code that causes React state updates should be wrapped into act(...):

act(() =&gt; {
  /* fire events that update state */
});
/* assert on the output */

This ensures that you&apos;re testing the behavior the user would see in the browser. Learn more at https://react.dev/link/wrap-tests-with-act
An update to ContextMenu inside a test was not wrapped in act(...).

When testing, code that causes React state updates should be wrapped into act(...):

act(() =&gt; {
  /* fire events that update state */
});
/* assert on the output */

This ensures that you&apos;re testing the behavior the user would see in the browser. Learn more at https://react.dev/link/wrap-tests-with-act
An update to ContextMenu inside a test was not wrapped in act(...).

When testing, code that causes React state updates should be wrapped into act(...):

act(() =&gt; {
  /* fire events that update state */
});
/* assert on the output */

This ensures that you&apos;re testing the behavior the user would see in the browser. Learn more at https://react.dev/link/wrap-tests-with-act

An update to ContextMenu inside a test was not wrapped in act(...).

When testing, code that causes React state updates should be wrapped into act(...):

act(() =&gt; {
  /* fire events that update state */
});
/* assert on the output */

This ensures that you&apos;re testing the behavior the user would see in the browser. Learn more at https://react.dev/link/wrap-tests-with-act

An update to ContextMenu inside a test was not wrapped in act(...).

When testing, code that causes React state updates should be wrapped into act(...):

act(() =&gt; {
  /* fire events that update state */
});
/* assert on the output */

This ensures that you&apos;re testing the behavior the user would see in the browser. Learn more at https://react.dev/link/wrap-tests-with-act
An update to ContextMenu inside a test was not wrapped in act(...).

When testing, code that causes React state updates should be wrapped into act(...):

act(() =&gt; {
  /* fire events that update state */
});
/* assert on the output */

This ensures that you&apos;re testing the behavior the user would see in the browser. Learn more at https://react.dev/link/wrap-tests-with-act
An update to ContextMenu inside a test was not wrapped in act(...).

When testing, code that causes React state updates should be wrapped into act(...):

act(() =&gt; {
  /* fire events that update state */
});
/* assert on the output */

This ensures that you&apos;re testing the behavior the user would see in the browser. Learn more at https://react.dev/link/wrap-tests-with-act

            </system-err>
        </testcase>
        <testcase classname="ui/context-menu.test.tsx" name="ContextMenu &gt; ContextMenu (default trigger) — opening/closing &gt; opens on right click (contextmenu) and focuses the first enabled item" time="0.0458275">
        </testcase>
        <testcase classname="ui/context-menu.test.tsx" name="ContextMenu &gt; ContextMenu (default trigger) — opening/closing &gt; opens on keyboard (Shift+F10) and closes with Escape, returning focus to trigger" time="0.0888793">
        </testcase>
        <testcase classname="ui/context-menu.test.tsx" name="ContextMenu &gt; ContextMenu (default trigger) — opening/closing &gt; closes on outside click" time="0.0790256">
        </testcase>
        <testcase classname="ui/context-menu.test.tsx" name="ContextMenu &gt; ContextMenu (default trigger) — keyboard navigation &gt; ArrowDown/ArrowUp roves focus across enabled items (skipping disabled)" time="0.2010898">
        </testcase>
        <testcase classname="ui/context-menu.test.tsx" name="ContextMenu &gt; ContextMenu (default trigger) — keyboard navigation &gt; Home focuses the first enabled item" time="0.1385767">
        </testcase>
        <testcase classname="ui/context-menu.test.tsx" name="ContextMenu &gt; ContextMenu (default trigger) — keyboard navigation &gt; typeahead focuses the first matching item label" time="0.0895433">
        </testcase>
        <testcase classname="ui/context-menu.test.tsx" name="ContextMenu &gt; ContextMenu (default trigger) — selection semantics &gt; clicking an item calls onSelect and closes" time="0.0861093">
        </testcase>
        <testcase classname="ui/context-menu.test.tsx" name="ContextMenu &gt; ContextMenu (default trigger) — selection semantics &gt; disabled item does not call onSelect" time="0.0941506">
        </testcase>
        <testcase classname="ui/context-menu.test.tsx" name="ContextMenu &gt; ContextMenu (default trigger) — selection semantics &gt; checkbox item uses role=menuitemcheckbox and toggles aria-checked" time="0.1001446">
        </testcase>
        <testcase classname="ui/context-menu.test.tsx" name="ContextMenu &gt; ContextMenu (default trigger) — selection semantics &gt; radio items use role=menuitemradio and update aria-checked within group" time="0.1742138">
        </testcase>
        <testcase classname="ui/context-menu.test.tsx" name="ContextMenu &gt; ContextMenu (default trigger) — submenu primitives &gt; opens submenu on mouse enter of sub trigger" time="0.1504489">
        </testcase>
        <testcase classname="ui/context-menu.test.tsx" name="ContextMenu &gt; ContextMenu (default trigger) — submenu primitives &gt; opens submenu with ArrowRight and closes with ArrowLeft (returning focus to sub trigger)" time="0.137115">
        </testcase>
    </testsuite>
</testsuites>
